#
# An unexpected error has been detected by Java Runtime Environment:
#
#  EXCEPTION_ACCESS_VIOLATION (0xc0000005) at pc=0x000000006da3b2e0, pid=12372, tid=4884
#
# Java VM: Java HotSpot(TM) 64-Bit Server VM (11.3-b02 mixed mode windows-amd64)
# Problematic frame:
# V  [jvm.dll+0x1ab2e0]
#
# If you would like to submit a bug report, please visit:
#   http://java.sun.com/webapps/bugreport/crash.jsp
#

---------------  T H R E A D  ---------------

Current thread (0x000000000de67c00):  JavaThread "Thread-58" [_thread_in_vm, id=4884, stack(0x000000000c730000,0x000000000c830000)]

siginfo: ExceptionCode=0xc0000005, reading address 0xffffffffffffffff

Registers:
EAX=0x294949425b280007, EBX=0x000000000cd6e498, ECX=0x0000000000000000, EDX=0x000000000de67c00
ESP=0x000000000c82f1c0, EBP=0x0000000000000000, ESI=0x000000000cd94dc0, EDI=0x000000000c82f448
EIP=0x000000006da3b2e0, EFLAGS=0x0000000000010203

Top of Stack: (sp=0x000000000c82f1c0)
0x000000000c82f1c0:   000000000000006d 000000000cd6e498
0x000000000c82f1d0:   000000000cd94dc0 000000000c82f448
0x000000000c82f1e0:   00000000002c0230 00000000de061f60
0x000000000c82f1f0:   000000000cd94dc0 000000000cd6b900
0x000000000c82f200:   000000000cd6b910 000000000cd6bce8
0x000000000c82f210:   000000006dd05b10 000000000cd6e4a0
0x000000000c82f220:   000000000cd6e488 0000000050000151
0x000000000c82f230:   0000000000000000 0000000002000002
0x000000000c82f240:   000000000cd6e498 000000000c82f448
0x000000000c82f250:   000000000de67dc0 00000000ab0044ef
0x000000000c82f260:   000000000c82f308 000000000cd6e490
0x000000000c82f270:   00000000daa8d548 0000000000003ff5
0x000000000c82f280:   000000000000000e 000000000c158c10
0x000000000c82f290:   000000000cb7ee30 0000000002000002
0x000000000c82f2a0:   00000000106300b0 0000000000430080
0x000000000c82f2b0:   00000000002c0000 0000000050000151 

Instructions: (pc=0x000000006da3b2e0)
0x000000006da3b2d0:   24 98 01 00 00 4c 8b 03 49 8b 40 10 4d 8b 40 18
0x000000006da3b2e0:   0f b7 48 3a 4d 8b 44 c8 38 48 8d 4c 24 50 e8 2d 


Stack: [0x000000000c730000,0x000000000c830000],  sp=0x000000000c82f1c0,  free space=1020k
Native frames: (J=compiled Java code, j=interpreted, Vv=VM code, C=native code)
V  [jvm.dll+0x1ab2e0]

[error occurred during error reporting (printing native stack), id 0xc0000005]

Java frames: (J=compiled Java code, j=interpreted, Vv=VM code)
j  com.sun.media.sound.MixerSourceLine.nDrain(J)V+0
j  com.sun.media.sound.MixerSourceLine.drain()V+26
j  com.wnc.srtlearn.modules.srt.SrtVoiceHelper$Task.run()V+298
j  java.lang.Thread.run()V+11
v  ~StubRoutines::call_stub

---------------  P R O C E S S  ---------------

Java Threads: ( => current thread )
  0x000000000de6cc00 JavaThread "Thread-171" [_thread_blocked, id=9720, stack(0x000000000f7e0000,0x000000000f8e0000)]
  0x000000000de6b800 JavaThread "Thread-160" [_thread_in_native, id=6760, stack(0x000000000f8e0000,0x000000000f9e0000)]
  0x000000000de69c00 JavaThread "Thread-130" [_thread_in_native, id=12716, stack(0x000000000c310000,0x000000000c410000)]
  0x000000000de6b000 JavaThread "Thread-100" [_thread_in_native, id=4988, stack(0x000000000c210000,0x000000000c310000)]
  0x000000000de68c00 JavaThread "Thread-84" [_thread_in_native, id=12684, stack(0x000000000f4e0000,0x000000000f5e0000)]
=>0x000000000de67c00 JavaThread "Thread-58" [_thread_in_vm, id=4884, stack(0x000000000c730000,0x000000000c830000)]
  0x000000000de6a800 JavaThread "Thread-28" [_thread_in_native, id=12668, stack(0x000000000f250000,0x000000000f350000)]
  0x000000000de6a000 JavaThread "Thread-27" [_thread_in_native, id=10336, stack(0x000000000d300000,0x000000000d400000)]
  0x000000000de69400 JavaThread "Thread-22" [_thread_in_native, id=7032, stack(0x000000000c510000,0x000000000c610000)]
  0x000000000de68400 JavaThread "Thread-18" [_thread_in_native, id=12884, stack(0x000000000c410000,0x000000000c510000)]
  0x000000000de67800 JavaThread "Thread-8" [_thread_in_native, id=12016, stack(0x00000000109f0000,0x0000000010af0000)]
  0x000000001288c800 JavaThread "TimerQueue" daemon [_thread_blocked, id=1432, stack(0x00000000103f0000,0x00000000104f0000)]
  0x000000000cd59000 JavaThread "D3D Screen Updater" daemon [_thread_blocked, id=11396, stack(0x000000000f9e0000,0x000000000fae0000)]
  0x000000000055c000 JavaThread "DestroyJavaVM" [_thread_blocked, id=12152, stack(0x0000000002480000,0x0000000002580000)]
  0x000000000cd58800 JavaThread "Headspace mixer frame proc thread" daemon [_thread_blocked, id=10876, stack(0x000000000f6e0000,0x000000000f7e0000)]
  0x000000000cd17000 JavaThread "Java Sound Event Dispatcher" daemon [_thread_blocked, id=9328, stack(0x000000000f050000,0x000000000f150000)]
  0x000000000ce52800 JavaThread "Thread-4" [_thread_in_native, id=11732, stack(0x000000000e600000,0x000000000e700000)]
  0x000000000721a800 JavaThread "AWT-EventQueue-0" [_thread_blocked, id=8292, stack(0x000000000ca00000,0x000000000cb00000)]
  0x0000000007060800 JavaThread "AWT-Windows" daemon [_thread_in_native, id=11952, stack(0x0000000007520000,0x0000000007620000)]
  0x0000000007060400 JavaThread "AWT-Shutdown" [_thread_blocked, id=13008, stack(0x0000000007420000,0x0000000007520000)]
  0x00000000062cec00 JavaThread "Java2D Disposer" daemon [_thread_blocked, id=6712, stack(0x0000000006dd0000,0x0000000006ed0000)]
  0x000000000624a400 JavaThread "Low Memory Detector" daemon [_thread_blocked, id=12908, stack(0x0000000006a20000,0x0000000006b20000)]
  0x0000000006247800 JavaThread "CompilerThread1" daemon [_thread_blocked, id=8592, stack(0x0000000006920000,0x0000000006a20000)]
  0x000000000622b400 JavaThread "CompilerThread0" daemon [_thread_blocked, id=12352, stack(0x0000000006820000,0x0000000006920000)]
  0x0000000006228400 JavaThread "Attach Listener" daemon [_thread_blocked, id=8724, stack(0x0000000006720000,0x0000000006820000)]
  0x000000000052fc00 JavaThread "Signal Dispatcher" daemon [_thread_blocked, id=12032, stack(0x0000000006620000,0x0000000006720000)]
  0x000000000052a400 JavaThread "Finalizer" daemon [_thread_blocked, id=11840, stack(0x0000000006520000,0x0000000006620000)]
  0x00000000061c4400 JavaThread "Reference Handler" daemon [_thread_blocked, id=9648, stack(0x0000000006420000,0x0000000006520000)]

Other Threads:
  0x00000000061c0400 VMThread [stack: 0x0000000006320000,0x0000000006420000] [id=8332]
  0x000000000046cc00 WatcherThread [stack: 0x0000000006b20000,0x0000000006c20000] [id=13120]

VM state:not at safepoint (normal execution)

VM Mutex/Monitor currently owned by a thread: None

Heap
 PSYoungGen      total 37952K, used 16853K [0x00000000d9ff0000, 0x00000000de4e0000, 0x00000001045f0000)
  eden space 32576K, 35% used [0x00000000d9ff0000,0x00000000dab2d5c8,0x00000000dbfc0000)
  from space 5376K, 99% used [0x00000000ddfa0000,0x00000000de4d81e0,0x00000000de4e0000)
  to   space 5376K, 0% used [0x00000000dbfc0000,0x00000000dbfc0000,0x00000000dc500000)
 PSOldGen        total 86784K, used 5826K [0x00000000853f0000, 0x000000008a8b0000, 0x00000000d9ff0000)
  object space 86784K, 6% used [0x00000000853f0000,0x00000000859a09a8,0x000000008a8b0000)
 PSPermGen       total 21248K, used 13471K [0x000000007fff0000, 0x00000000814b0000, 0x00000000853f0000)
  object space 21248K, 63% used [0x000000007fff0000,0x0000000080d17f78,0x00000000814b0000)

Dynamic libraries:
0x0000000000400000 - 0x000000000042e000 	D:\Users\cpr216\AppData\Local\MyEclipse\Common\binary\com.sun.java.jdk.win32.x86_64_1.6.0.013\bin\javaw.exe
0x0000000077400000 - 0x00000000775aa000 	C:\Windows\SYSTEM32\ntdll.dll
0x00000000772e0000 - 0x00000000773ff000 	C:\Windows\system32\kernel32.dll
0x000007fefd010000 - 0x000007fefd07b000 	C:\Windows\system32\KERNELBASE.dll
0x000007fefd410000 - 0x000007fefd4eb000 	C:\Windows\system32\ADVAPI32.dll
0x000007feff670000 - 0x000007feff70f000 	C:\Windows\system32\msvcrt.dll
0x000007fefd940000 - 0x000007fefd95f000 	C:\Windows\SYSTEM32\sechost.dll
0x000007fefe200000 - 0x000007fefe32d000 	C:\Windows\system32\RPCRT4.dll
0x00000000770a0000 - 0x000000007719a000 	C:\Windows\system32\USER32.dll
0x000007fefe870000 - 0x000007fefe8d7000 	C:\Windows\system32\GDI32.dll
0x000007fefe1f0000 - 0x000007fefe1fe000 	C:\Windows\system32\LPK.dll
0x000007fefe330000 - 0x000007fefe3fa000 	C:\Windows\system32\USP10.dll
0x000007fefe1b0000 - 0x000007fefe1de000 	C:\Windows\system32\IMM32.DLL
0x000007fefe760000 - 0x000007fefe869000 	C:\Windows\system32\MSCTF.dll
0x000000006d890000 - 0x000000006de48000 	D:\Users\cpr216\AppData\Local\MyEclipse\Common\binary\com.sun.java.jdk.win32.x86_64_1.6.0.013\jre\bin\server\jvm.dll
0x000007fefd210000 - 0x000007fefd24b000 	C:\Windows\system32\WINMM.dll
0x000000006d3b0000 - 0x000000006d3ba000 	D:\Users\cpr216\AppData\Local\MyEclipse\Common\binary\com.sun.java.jdk.win32.x86_64_1.6.0.013\jre\bin\hpi.dll
0x00000000775d0000 - 0x00000000775d7000 	C:\Windows\system32\PSAPI.DLL
0x000000006d800000 - 0x000000006d80e000 	D:\Users\cpr216\AppData\Local\MyEclipse\Common\binary\com.sun.java.jdk.win32.x86_64_1.6.0.013\jre\bin\verify.dll
0x000000006d450000 - 0x000000006d477000 	D:\Users\cpr216\AppData\Local\MyEclipse\Common\binary\com.sun.java.jdk.win32.x86_64_1.6.0.013\jre\bin\java.dll
0x000000006d850000 - 0x000000006d862000 	D:\Users\cpr216\AppData\Local\MyEclipse\Common\binary\com.sun.java.jdk.win32.x86_64_1.6.0.013\jre\bin\zip.dll
0x000000006d0a0000 - 0x000000006d262000 	D:\Users\cpr216\AppData\Local\MyEclipse\Common\binary\com.sun.java.jdk.win32.x86_64_1.6.0.013\jre\bin\awt.dll
0x000007fef9ec0000 - 0x000007fef9f31000 	C:\Windows\system32\WINSPOOL.DRV
0x000007fefe400000 - 0x000007fefe603000 	C:\Windows\system32\ole32.dll
0x000007fefe8e0000 - 0x000007feff669000 	C:\Windows\system32\SHELL32.dll
0x000007fefd7c0000 - 0x000007fefd831000 	C:\Windows\system32\SHLWAPI.dll
0x000007fefb910000 - 0x000007fefbb04000 	C:\Windows\WinSxS\amd64_microsoft.windows.common-controls_6595b64144ccf1df_6.0.7601.18837_none_fa3b1e3d17594757\comctl32.dll
0x000007fefd2f0000 - 0x000007fefd308000 	C:\Windows\system32\DWMAPI.DLL
0x000007fefb8b0000 - 0x000007fefb906000 	C:\Windows\system32\uxtheme.dll
0x000000006d340000 - 0x000000006d3ab000 	D:\Users\cpr216\AppData\Local\MyEclipse\Common\binary\com.sun.java.jdk.win32.x86_64_1.6.0.013\jre\bin\fontmanager.dll
0x000000006d6a0000 - 0x000000006d6b7000 	D:\Users\cpr216\AppData\Local\MyEclipse\Common\binary\com.sun.java.jdk.win32.x86_64_1.6.0.013\jre\bin\net.dll
0x000007fefe710000 - 0x000007fefe75d000 	C:\Windows\system32\WS2_32.dll
0x000007fefe1e0000 - 0x000007fefe1e8000 	C:\Windows\system32\NSI.dll
0x000007fefc6b0000 - 0x000007fefc705000 	C:\Windows\system32\mswsock.dll
0x000007fefc6a0000 - 0x000007fefc6a7000 	C:\Windows\System32\wship6.dll
0x000000006d6c0000 - 0x000000006d6cb000 	D:\Users\cpr216\AppData\Local\MyEclipse\Common\binary\com.sun.java.jdk.win32.x86_64_1.6.0.013\jre\bin\nio.dll
0x000007fefcd10000 - 0x000007fefcd67000 	C:\Windows\system32\apphelp.dll
0x000007fef3520000 - 0x000007fef3da8000 	C:\Windows\system32\SOGOUPY.IME
0x000007fefa350000 - 0x000007fefa357000 	C:\Windows\system32\MSIMG32.dll
0x000007fefac80000 - 0x000007fefacd4000 	C:\Windows\system32\OLEACC.dll
0x000007fefbfa0000 - 0x000007fefbfcd000 	C:\Windows\system32\ntmarta.dll
0x000007fefe6b0000 - 0x000007fefe702000 	C:\Windows\system32\WLDAP32.dll
0x000007fefbfd0000 - 0x000007fefbfdc000 	C:\Windows\system32\VERSION.dll
0x000007fefcdb0000 - 0x000007fefcdbf000 	C:\Windows\system32\CRYPTBASE.dll
0x000007fef79e0000 - 0x000007fef7bdf000 	C:\Windows\system32\d3d9.dll
0x000007fef79d0000 - 0x000007fef79d7000 	C:\Windows\system32\d3d8thk.dll
0x000007fedbac0000 - 0x000007fedcb2c000 	C:\Windows\system32\nvd3dumx.dll
0x0000000180000000 - 0x0000000180179000 	C:\Windows\system32\nvspcap64.dll
0x000007fefd860000 - 0x000007fefd938000 	C:\Windows\system32\OLEAUT32.dll
0x000007fef25a0000 - 0x000007fef27cb000 	D:\Program Files (x86)\SogouInput\Components\PicFace\1.0.0.1403\PicFace64.dll
0x000007fefcf10000 - 0x000007fefcf1f000 	C:\Windows\system32\profapi.dll
0x000007fefd310000 - 0x000007fefd33c000 	C:\Windows\system32\powrprof.dll
0x000007fefdc70000 - 0x000007fefde47000 	C:\Windows\system32\SETUPAPI.dll
0x000007fefcf30000 - 0x000007fefcf66000 	C:\Windows\system32\CFGMGR32.dll
0x000007fefd290000 - 0x000007fefd2aa000 	C:\Windows\system32\DEVOBJ.dll
0x000007fedb950000 - 0x000007fedbabb000 	C:\Program Files (x86)\NVIDIA Corporation\3D Vision\nvSCPAPI64.dll
0x000000006d5b0000 - 0x000000006d5de000 	D:\Users\cpr216\AppData\Local\MyEclipse\Common\binary\com.sun.java.jdk.win32.x86_64_1.6.0.013\jre\bin\jsound.dll
0x000007fefb540000 - 0x000007fefb58b000 	C:\Windows\system32\MMDevAPI.DLL
0x000007fefb310000 - 0x000007fefb43c000 	C:\Windows\system32\PROPSYS.dll
0x000007fefaa80000 - 0x000007fefaabb000 	C:\Windows\system32\wdmaud.drv
0x00000000748c0000 - 0x00000000748c6000 	C:\Windows\system32\ksuser.dll
0x000007fefb5d0000 - 0x000007fefb5d9000 	C:\Windows\system32\AVRT.dll
0x000007fefa9c0000 - 0x000007fefaa0f000 	C:\Windows\system32\AUDIOSES.DLL
0x000007fefa920000 - 0x000007fefa92a000 	C:\Windows\system32\msacm32.drv
0x000007fefa900000 - 0x000007fefa918000 	C:\Windows\system32\MSACM32.dll
0x000007fefa8f0000 - 0x000007fefa8f9000 	C:\Windows\system32\midimap.dll
0x000007fefc710000 - 0x000007fefc727000 	C:\Windows\system32\CRYPTSP.dll
0x000007fefe610000 - 0x000007fefe6a9000 	C:\Windows\system32\CLBCatQ.DLL
0x000007fefc410000 - 0x000007fefc457000 	C:\Windows\system32\rsaenh.dll
0x000007fefce60000 - 0x000007fefce74000 	C:\Windows\system32\RpcRtRemote.dll
0x0000000011010000 - 0x00000000110ed000 	D:\Program Files (x86)\SogouInput\7.9.0.7637\Resource.dll
0x000007fefdae0000 - 0x000007fefdc66000 	C:\Windows\system32\urlmon.dll
0x000007fefd2d0000 - 0x000007fefd2d4000 	C:\Windows\system32\api-ms-win-downlevel-ole32-l1-1-0.dll
0x000007fefd2e0000 - 0x000007fefd2e4000 	C:\Windows\system32\api-ms-win-downlevel-shlwapi-l1-1-0.dll
0x000007fefd2c0000 - 0x000007fefd2c5000 	C:\Windows\system32\api-ms-win-downlevel-advapi32-l1-1-0.dll
0x000007fefd340000 - 0x000007fefd344000 	C:\Windows\system32\api-ms-win-downlevel-user32-l1-1-0.dll
0x000007fefd360000 - 0x000007fefd364000 	C:\Windows\system32\api-ms-win-downlevel-version-l1-1-0.dll
0x000007fefd350000 - 0x000007fefd353000 	C:\Windows\system32\api-ms-win-downlevel-normaliz-l1-1-0.dll
0x00000000775c0000 - 0x00000000775c3000 	C:\Windows\system32\normaliz.DLL
0x000007fefde50000 - 0x000007fefe119000 	C:\Windows\system32\iertutil.dll
0x000007fefd4f0000 - 0x000007fefd7b5000 	C:\Windows\system32\WININET.dll
0x000007fefd080000 - 0x000007fefd09e000 	C:\Windows\system32\USERENV.dll
0x000007fefca50000 - 0x000007fefca5b000 	C:\Windows\system32\Secur32.dll
0x000007fefcce0000 - 0x000007fefcd05000 	C:\Windows\system32\SSPICLI.DLL
0x000007fef60b0000 - 0x000007fef60b4000 	C:\Windows\system32\api-ms-win-downlevel-advapi32-l2-1-0.dll

VM Arguments:
jvm_args: -Dfile.encoding=UTF-8 
java_command: com.wnc.srtlearn.ui.SrtFrame
Launcher Type: SUN_STANDARD

Environment Variables:
JAVA_HOME=D:\Users\wnc\Programs\Java\jdk1.8.0_77
PATH=D:\Users\wnc\Programs\ImageMagick-6.8.9-Q16;C:\ProgramData\Oracle\Java\javapath;C:\Program Files (x86)\NVIDIA Corporation\PhysX\Common;C:\Program Files (x86)\Intel\iCLS Client\;C:\Program Files\Intel\iCLS Client\;C:\Windows\system32;C:\Windows;C:\Windows\System32\Wbem;C:\Windows\System32\WindowsPowerShell\v1.0\;C:\Program Files\Intel\Intel(R) Management Engine Components\DAL;C:\Program Files\Intel\Intel(R) Management Engine Components\IPT;C:\Program Files (x86)\Intel\Intel(R) Management Engine Components\DAL;C:\Program Files (x86)\Intel\Intel(R) Management Engine Components\IPT;C:\Program Files\TortoiseSVN\bin;D:\Users\wnc\Programs\Java\jdk1.8.0_77\bin;D:\Users\wnc\Python\Python27;D:\Users\wnc\Python\Python27\Scripts;D:\Users\wnc\Programs\apache-maven-3.2.3\bin;D:\Users\wnc\Programs\redis-window-64bit;D:\Users\wnc\Programs\adt-bundle-windows-x86-20130219\sdk\platform-tools;C:\Program Files (x86)\Microsoft SQL Server\100\Tools\Binn\;C:\Program Files\Microsoft SQL Server\100\Tools\Binn\;C:\Program Files\Microsoft SQL Server\100\DTS\Binn\;D:\Users\wnc\Programs\mysql-5.7.11-winx64\bin;D:\Users\wnc\Programs\Git\cmd;D:\Users\wnc\developer\scala\bin;D:\Users\wnc\±Ø±¸Èí¼þ\ffmpeg-20160731-04da20e-win64-static\bin;C:\Users\cpr216\AppData\Local\Programs\Python\Python35-32\Scripts\;C:\Users\cpr216\AppData\Local\Programs\Python\Python35-32\
USERNAME=cpr216
OS=Windows_NT
PROCESSOR_IDENTIFIER=Intel64 Family 6 Model 60 Stepping 3, GenuineIntel



---------------  S Y S T E M  ---------------

OS: Windows NT 6.1 Build 7601 Service Pack 1

CPU:total 4 (8 cores per cpu, 2 threads per core) family 6 model 12 stepping 3, cmov, cx8, fxsr, mmx, sse, sse2, sse3, ssse3, ht

Memory: 4k page, physical 8326188k(2065636k free), swap 16650540k(8281556k free)

vm_info: Java HotSpot(TM) 64-Bit Server VM (11.3-b02) for windows-amd64 JRE (1.6.0_13-b03), built on Mar  9 2009 10:50:19 by "java_re" with MS VC++ 8.0

time: Sun Sep 18 16:46:43 2016
elapsed time: 833 seconds

